<?xml version="1.0" encoding="UTF-8"?>
<TestRun id="c4824b2d-255b-4632-a824-4941c098b4c4" name="wmunn@SUMMA-611 2013-10-14 12:51:57" runUser="summa-611\wmunn" xmlns="http://microsoft.com/schemas/VisualStudio/TeamTest/2010">
  <TestSettings name="Default Test Settings" id="fbfa15d4-fac7-4838-bf90-bef9de7cdcff">
    <Execution>
      <TestTypeSpecific />
      <AgentRule name="Execution Agents">
      </AgentRule>
    </Execution>
    <Deployment runDeploymentRoot="wmunn_SUMMA-611 2013-10-14 12_51_57" />
  </TestSettings>
  <Times creation="2013-10-14T12:51:57.2304807-04:00" queuing="2013-10-14T12:51:57.6995075-04:00" start="2013-10-14T12:51:57.7705116-04:00" finish="2013-10-14T12:51:58.1195315-04:00" />
  <ResultSummary outcome="Warning">
    <Counters total="3" executed="3" passed="3" error="0" failed="0" timeout="0" aborted="0" inconclusive="0" passedButRunAborted="0" notRunnable="0" notExecuted="0" disconnected="0" warning="0" completed="0" inProgress="0" pending="0" />
    <RunInfos>
      <RunInfo computerName="SUMMA-611" outcome="Warning" timestamp="2013-10-14T12:51:57.6715059-04:00">
        <Text>Warning: Test Run deployment issue: The assembly or module 'WebGrease' directly or indirectly referenced by the test container 'C:\Users\wmunn\Documents\MyMusic\MyMusic\MyMusicApp\MyMusicApp.Tests\bin\Debug\mymusicapp.tests.dll' was not found.</Text>
      </RunInfo>
      <RunInfo computerName="SUMMA-611" outcome="Warning" timestamp="2013-10-14T12:51:57.6715059-04:00">
        <Text>Warning: Test Run deployment issue: The assembly or module 'System.Web.Mvc' directly or indirectly referenced by the test container 'C:\Users\wmunn\Documents\MyMusic\MyMusic\MyMusicApp\MyMusicApp.Tests\bin\Debug\mymusicapp.tests.dll' was not found.</Text>
      </RunInfo>
      <RunInfo computerName="SUMMA-611" outcome="Warning" timestamp="2013-10-14T12:51:57.6725060-04:00">
        <Text>Warning: Test Run deployment issue: The assembly or module 'log4net' directly or indirectly referenced by the test container 'C:\Users\wmunn\Documents\MyMusic\MyMusic\MyMusicApp\MyMusicApp.Tests\bin\Debug\mymusicapp.tests.dll' was not found.</Text>
      </RunInfo>
      <RunInfo computerName="SUMMA-611" outcome="Warning" timestamp="2013-10-14T12:51:57.6725060-04:00">
        <Text>Warning: Test Run deployment issue: The assembly or module 'Org.Mentalis.Security.Cryptography' directly or indirectly referenced by the test container 'C:\Users\wmunn\Documents\MyMusic\MyMusic\MyMusicApp\MyMusicApp.Tests\bin\Debug\mymusicapp.tests.dll' was not found.</Text>
      </RunInfo>
    </RunInfos>
  </ResultSummary>
  <TestDefinitions>
    <UnitTest name="About" storage="mymusicapp.tests.dll" id="99945c59-661e-3871-da37-19b6e7e9e0cc">
      <Execution id="835e0bef-6276-4301-9ef9-5fb2d323009c" />
      <TestMethod codeBase="C:/Users/wmunn/Documents/MyMusic/MyMusic/MyMusicApp/MyMusicApp.Tests/bin/Debug/MyMusicApp.Tests.dll" adapterTypeName="Microsoft.VisualStudio.TestTools.TestTypes.Unit.UnitTestAdapter, Microsoft.VisualStudio.QualityTools.Tips.UnitTest.Adapter, Version=11.0.0.0, Culture=neutral, PublicKeyToken=b03f5f7f11d50a3a" className="MyMusicApp.Tests.Controllers.HomeControllerTest, MyMusicApp.Tests, Version=1.0.0.0, Culture=neutral, PublicKeyToken=null" name="About" />
    </UnitTest>
    <UnitTest name="Contact" storage="mymusicapp.tests.dll" id="9554da1c-75d8-d133-131c-7a43fbbccde1">
      <Execution id="fd22775b-6d9b-4181-94c8-7dcfae7728bd" />
      <TestMethod codeBase="C:/Users/wmunn/Documents/MyMusic/MyMusic/MyMusicApp/MyMusicApp.Tests/bin/Debug/MyMusicApp.Tests.dll" adapterTypeName="Microsoft.VisualStudio.TestTools.TestTypes.Unit.UnitTestAdapter, Microsoft.VisualStudio.QualityTools.Tips.UnitTest.Adapter, Version=11.0.0.0, Culture=neutral, PublicKeyToken=b03f5f7f11d50a3a" className="MyMusicApp.Tests.Controllers.HomeControllerTest, MyMusicApp.Tests, Version=1.0.0.0, Culture=neutral, PublicKeyToken=null" name="Contact" />
    </UnitTest>
    <UnitTest name="Index" storage="mymusicapp.tests.dll" id="95ce557f-df99-4bf6-b377-bb6bdc693082">
      <Execution id="0f1a9754-360d-4028-ad60-26d425e0d6e8" />
      <TestMethod codeBase="C:/Users/wmunn/Documents/MyMusic/MyMusic/MyMusicApp/MyMusicApp.Tests/bin/Debug/MyMusicApp.Tests.dll" adapterTypeName="Microsoft.VisualStudio.TestTools.TestTypes.Unit.UnitTestAdapter, Microsoft.VisualStudio.QualityTools.Tips.UnitTest.Adapter, Version=11.0.0.0, Culture=neutral, PublicKeyToken=b03f5f7f11d50a3a" className="MyMusicApp.Tests.Controllers.HomeControllerTest, MyMusicApp.Tests, Version=1.0.0.0, Culture=neutral, PublicKeyToken=null" name="Index" />
    </UnitTest>
  </TestDefinitions>
  <TestLists>
    <TestList name="Results Not in a List" id="8c84fa94-04c1-424b-9868-57a2d4851a1d" />
    <TestList name="All Loaded Results" id="19431567-8539-422a-85d7-44ee4e166bda" />
  </TestLists>
  <TestEntries>
    <TestEntry testId="99945c59-661e-3871-da37-19b6e7e9e0cc" executionId="835e0bef-6276-4301-9ef9-5fb2d323009c" testListId="8c84fa94-04c1-424b-9868-57a2d4851a1d" />
    <TestEntry testId="9554da1c-75d8-d133-131c-7a43fbbccde1" executionId="fd22775b-6d9b-4181-94c8-7dcfae7728bd" testListId="8c84fa94-04c1-424b-9868-57a2d4851a1d" />
    <TestEntry testId="95ce557f-df99-4bf6-b377-bb6bdc693082" executionId="0f1a9754-360d-4028-ad60-26d425e0d6e8" testListId="8c84fa94-04c1-424b-9868-57a2d4851a1d" />
  </TestEntries>
  <Results>
    <UnitTestResult executionId="835e0bef-6276-4301-9ef9-5fb2d323009c" testId="99945c59-661e-3871-da37-19b6e7e9e0cc" testName="About" computerName="SUMMA-611" duration="00:00:00.0383018" startTime="2013-10-14T12:51:57.8415156-04:00" endTime="2013-10-14T12:51:58.0355267-04:00" testType="13cdc9d9-ddb5-4fa4-a97d-d965ccfc6d4b" outcome="Passed" testListId="8c84fa94-04c1-424b-9868-57a2d4851a1d" relativeResultsDirectory="835e0bef-6276-4301-9ef9-5fb2d323009c">
    </UnitTestResult>
    <UnitTestResult executionId="fd22775b-6d9b-4181-94c8-7dcfae7728bd" testId="9554da1c-75d8-d133-131c-7a43fbbccde1" testName="Contact" computerName="SUMMA-611" duration="00:00:00.0016826" startTime="2013-10-14T12:51:58.0425271-04:00" endTime="2013-10-14T12:51:58.0465274-04:00" testType="13cdc9d9-ddb5-4fa4-a97d-d965ccfc6d4b" outcome="Passed" testListId="8c84fa94-04c1-424b-9868-57a2d4851a1d" relativeResultsDirectory="fd22775b-6d9b-4181-94c8-7dcfae7728bd">
    </UnitTestResult>
    <UnitTestResult executionId="0f1a9754-360d-4028-ad60-26d425e0d6e8" testId="95ce557f-df99-4bf6-b377-bb6bdc693082" testName="Index" computerName="SUMMA-611" duration="00:00:00.0162692" startTime="2013-10-14T12:51:58.0585280-04:00" endTime="2013-10-14T12:51:58.0775291-04:00" testType="13cdc9d9-ddb5-4fa4-a97d-d965ccfc6d4b" outcome="Passed" testListId="8c84fa94-04c1-424b-9868-57a2d4851a1d" relativeResultsDirectory="0f1a9754-360d-4028-ad60-26d425e0d6e8">
    </UnitTestResult>
  </Results>
</TestRun>