<?xml version="1.0" encoding="UTF-8"?>
<TestRun id="f3888eff-86c6-4a79-a5fb-265020d63fd7" name="wmunn@SUMMA-611 2013-10-14 14:07:28" runUser="summa-611\wmunn" xmlns="http://microsoft.com/schemas/VisualStudio/TeamTest/2010">
  <TestSettings name="Default Test Settings" id="5697d988-e3a7-41d9-a6c3-76742f9ec23a">
    <Execution>
      <TestTypeSpecific />
      <AgentRule name="Execution Agents">
      </AgentRule>
    </Execution>
    <Deployment runDeploymentRoot="wmunn_SUMMA-611 2013-10-14 14_07_28" />
  </TestSettings>
  <Times creation="2013-10-14T14:07:28.3916483-04:00" queuing="2013-10-14T14:07:28.7896710-04:00" start="2013-10-14T14:07:28.8806762-04:00" finish="2013-10-14T14:07:29.2196956-04:00" />
  <ResultSummary outcome="Warning">
    <Counters total="3" executed="3" passed="3" error="0" failed="0" timeout="0" aborted="0" inconclusive="0" passedButRunAborted="0" notRunnable="0" notExecuted="0" disconnected="0" warning="0" completed="0" inProgress="0" pending="0" />
    <RunInfos>
      <RunInfo computerName="SUMMA-611" outcome="Warning" timestamp="2013-10-14T14:07:28.7656697-04:00">
        <Text>Warning: Test Run deployment issue: The assembly or module 'WebGrease' directly or indirectly referenced by the test container 'c:\users\wmunn\documents\mymusic\mymusic\mymusicapp\buildartifacts\mymusicapp.tests.dll' was not found.</Text>
      </RunInfo>
      <RunInfo computerName="SUMMA-611" outcome="Warning" timestamp="2013-10-14T14:07:28.7666697-04:00">
        <Text>Warning: Test Run deployment issue: The assembly or module 'System.Web.Mvc' directly or indirectly referenced by the test container 'c:\users\wmunn\documents\mymusic\mymusic\mymusicapp\buildartifacts\mymusicapp.tests.dll' was not found.</Text>
      </RunInfo>
      <RunInfo computerName="SUMMA-611" outcome="Warning" timestamp="2013-10-14T14:07:28.7666697-04:00">
        <Text>Warning: Test Run deployment issue: The assembly or module 'log4net' directly or indirectly referenced by the test container 'c:\users\wmunn\documents\mymusic\mymusic\mymusicapp\buildartifacts\mymusicapp.tests.dll' was not found.</Text>
      </RunInfo>
      <RunInfo computerName="SUMMA-611" outcome="Warning" timestamp="2013-10-14T14:07:28.7666697-04:00">
        <Text>Warning: Test Run deployment issue: The assembly or module 'Org.Mentalis.Security.Cryptography' directly or indirectly referenced by the test container 'c:\users\wmunn\documents\mymusic\mymusic\mymusicapp\buildartifacts\mymusicapp.tests.dll' was not found.</Text>
      </RunInfo>
    </RunInfos>
  </ResultSummary>
  <TestDefinitions>
    <UnitTest name="About" storage="c:\users\wmunn\documents\mymusic\mymusic\mymusicapp\buildartifacts\mymusicapp.tests.dll" id="99945c59-661e-3871-da37-19b6e7e9e0cc">
      <Execution id="32850bdd-2a5e-4461-a63f-60921aa3a66d" />
      <TestMethod codeBase="C:/Users/wmunn/Documents/MyMusic/MyMusic/MyMusicApp/BuildArtifacts/MyMusicApp.Tests.DLL" adapterTypeName="Microsoft.VisualStudio.TestTools.TestTypes.Unit.UnitTestAdapter, Microsoft.VisualStudio.QualityTools.Tips.UnitTest.Adapter, Version=11.0.0.0, Culture=neutral, PublicKeyToken=b03f5f7f11d50a3a" className="MyMusicApp.Tests.Controllers.HomeControllerTest, MyMusicApp.Tests, Version=1.0.0.0, Culture=neutral, PublicKeyToken=null" name="About" />
    </UnitTest>
    <UnitTest name="Contact" storage="c:\users\wmunn\documents\mymusic\mymusic\mymusicapp\buildartifacts\mymusicapp.tests.dll" id="9554da1c-75d8-d133-131c-7a43fbbccde1">
      <Execution id="36e87129-b2af-4913-b002-01cbd5380383" />
      <TestMethod codeBase="C:/Users/wmunn/Documents/MyMusic/MyMusic/MyMusicApp/BuildArtifacts/MyMusicApp.Tests.DLL" adapterTypeName="Microsoft.VisualStudio.TestTools.TestTypes.Unit.UnitTestAdapter, Microsoft.VisualStudio.QualityTools.Tips.UnitTest.Adapter, Version=11.0.0.0, Culture=neutral, PublicKeyToken=b03f5f7f11d50a3a" className="MyMusicApp.Tests.Controllers.HomeControllerTest, MyMusicApp.Tests, Version=1.0.0.0, Culture=neutral, PublicKeyToken=null" name="Contact" />
    </UnitTest>
    <UnitTest name="Index" storage="c:\users\wmunn\documents\mymusic\mymusic\mymusicapp\buildartifacts\mymusicapp.tests.dll" id="95ce557f-df99-4bf6-b377-bb6bdc693082">
      <Execution id="86c24737-405a-4e4a-83f4-7ba8ac84d72b" />
      <TestMethod codeBase="C:/Users/wmunn/Documents/MyMusic/MyMusic/MyMusicApp/BuildArtifacts/MyMusicApp.Tests.DLL" adapterTypeName="Microsoft.VisualStudio.TestTools.TestTypes.Unit.UnitTestAdapter, Microsoft.VisualStudio.QualityTools.Tips.UnitTest.Adapter, Version=11.0.0.0, Culture=neutral, PublicKeyToken=b03f5f7f11d50a3a" className="MyMusicApp.Tests.Controllers.HomeControllerTest, MyMusicApp.Tests, Version=1.0.0.0, Culture=neutral, PublicKeyToken=null" name="Index" />
    </UnitTest>
  </TestDefinitions>
  <TestLists>
    <TestList name="Results Not in a List" id="8c84fa94-04c1-424b-9868-57a2d4851a1d" />
    <TestList name="All Loaded Results" id="19431567-8539-422a-85d7-44ee4e166bda" />
  </TestLists>
  <TestEntries>
    <TestEntry testId="99945c59-661e-3871-da37-19b6e7e9e0cc" executionId="32850bdd-2a5e-4461-a63f-60921aa3a66d" testListId="8c84fa94-04c1-424b-9868-57a2d4851a1d" />
    <TestEntry testId="9554da1c-75d8-d133-131c-7a43fbbccde1" executionId="36e87129-b2af-4913-b002-01cbd5380383" testListId="8c84fa94-04c1-424b-9868-57a2d4851a1d" />
    <TestEntry testId="95ce557f-df99-4bf6-b377-bb6bdc693082" executionId="86c24737-405a-4e4a-83f4-7ba8ac84d72b" testListId="8c84fa94-04c1-424b-9868-57a2d4851a1d" />
  </TestEntries>
  <Results>
    <UnitTestResult executionId="32850bdd-2a5e-4461-a63f-60921aa3a66d" testId="99945c59-661e-3871-da37-19b6e7e9e0cc" testName="About" computerName="SUMMA-611" duration="00:00:00.0425317" startTime="2013-10-14T14:07:28.9066777-04:00" endTime="2013-10-14T14:07:29.1456914-04:00" testType="13cdc9d9-ddb5-4fa4-a97d-d965ccfc6d4b" outcome="Passed" testListId="8c84fa94-04c1-424b-9868-57a2d4851a1d" relativeResultsDirectory="32850bdd-2a5e-4461-a63f-60921aa3a66d">
    </UnitTestResult>
    <UnitTestResult executionId="36e87129-b2af-4913-b002-01cbd5380383" testId="9554da1c-75d8-d133-131c-7a43fbbccde1" testName="Contact" computerName="SUMMA-611" duration="00:00:00.0013134" startTime="2013-10-14T14:07:29.1496916-04:00" endTime="2013-10-14T14:07:29.1576921-04:00" testType="13cdc9d9-ddb5-4fa4-a97d-d965ccfc6d4b" outcome="Passed" testListId="8c84fa94-04c1-424b-9868-57a2d4851a1d" relativeResultsDirectory="36e87129-b2af-4913-b002-01cbd5380383">
    </UnitTestResult>
    <UnitTestResult executionId="86c24737-405a-4e4a-83f4-7ba8ac84d72b" testId="95ce557f-df99-4bf6-b377-bb6bdc693082" testName="Index" computerName="SUMMA-611" duration="00:00:00.0145756" startTime="2013-10-14T14:07:29.1636924-04:00" endTime="2013-10-14T14:07:29.1816935-04:00" testType="13cdc9d9-ddb5-4fa4-a97d-d965ccfc6d4b" outcome="Passed" testListId="8c84fa94-04c1-424b-9868-57a2d4851a1d" relativeResultsDirectory="86c24737-405a-4e4a-83f4-7ba8ac84d72b">
    </UnitTestResult>
  </Results>
</TestRun>